#
# A fatal error has been detected by the Java Runtime Environment:
#
#  EXCEPTION_ACCESS_VIOLATION (0xc0000005) at pc=0x00000000044ea5e1, pid=9368, tid=0x0000000000002bd0
#
# JRE version: OpenJDK Runtime Environment (8.0_76-b03) (build 1.8.0_76-release-b03)
# Java VM: OpenJDK 64-Bit Server VM (25.76-b03 mixed mode windows-amd64 compressed oops)
# Problematic frame:
# J 18272 C2 com.android.dx.dex.code.LocalList$MakeState.snapshot(ILcom/android/dx/rop/code/RegisterSpecSet;)V (110 bytes) @ 0x00000000044ea5e1 [0x00000000044ea260+0x381]
#
# Failed to write core dump. Minidumps are not enabled by default on client versions of Windows
#
# If you would like to submit a bug report, please visit:
#   http://bugreport.java.com/bugreport/crash.jsp
#

---------------  T H R E A D  ---------------

Current thread (0x000000001c86f000):  JavaThread "pool-958-thread-1" [_thread_in_Java, id=11216, stack(0x0000000024c80000,0x0000000024d80000)]

siginfo: ExceptionCode=0xc0000005, reading address 0x0000000000800010

Registers:
RAX=0x0000000000000000, RBX=0x00000000a884e578, RCX=0x0000000000000009, RDX=0x00000000ef533df0
RSP=0x0000000024d7eb10, RBP=0x00000000a884e590, RSI=0x000000000000000d, RDI=0x0000000000003347
R8 =0x0000000000800000, R9 =0x00000001006f9fc8, R10=0x0000000000000000, R11=0x000000000000000d
R12=0x0000000000000000, R13=0x000000000000000d, R14=0x00000000ef525e78, R15=0x000000001c86f000
RIP=0x00000000044ea5e1, EFLAGS=0x0000000000010206

Top of Stack: (sp=0x0000000024d7eb10)
0x0000000024d7eb10:   00000000a1cb1b98 00000000039f84b8
0x0000000024d7eb20:   000000000000d907 000000005605a76e
0x0000000024d7eb30:   00000000ef533d90 0000000000001bdc
0x0000000024d7eb40:   0000000000001bdc 0000000000001370
0x0000000024d7eb50:   0000000000000002 000000005609e98e
0x0000000024d7eb60:   00000001008962d0 0000000000001bdc
0x0000000024d7eb70:   0000000100887e18 000000001c86f000
0x0000000024d7eb80:   00000000000037b3 0000000000000048
0x0000000024d7eb90:   0000000000000001 0000000005f5ea98
0x0000000024d7eba0:   00000001a883ce08 0000000000000001
0x0000000024d7ebb0:   00000000a883ce08 0000000a00000000
0x0000000024d7ebc0:   00000001008962d0 0000000000000001
0x0000000024d7ebd0:   00000000a884e578 000000000555a660
0x0000000024d7ebe0:   00000000a88152f0 00000000ef4f8eb0
0x0000000024d7ebf0:   ffffffff000037b3 a1a68678000037b2
0x0000000024d7ec00:   00000001000037b3 0000000000003347 

Instructions: (pc=0x00000000044ea5e1)
0x00000000044ea5c1:   8a 10 8b 6b 14 44 8b 5d 0c 41 3b cb 0f 83 2e 1d
0x00000000044ea5d1:   00 00 44 8b 44 8d 10 45 85 c0 0f 84 55 fd ff ff
0x00000000044ea5e1:   45 8b 58 10 41 8b 73 08 49 8b d3 81 fe ba e0 10
0x00000000044ea5f1:   20 0f 84 2b fd ff ff 44 89 54 24 3c 89 4c 24 34 


Register to memory mapping:

RAX=0x0000000000000000 is an unknown value
RBX=0x00000000a884e578 is an oop
com.android.dx.rop.code.RegisterSpecSet 
 - klass: 'com/android/dx/rop/code/RegisterSpecSet'
RCX=0x0000000000000009 is an unknown value
RDX=0x00000000ef533df0 is an oop
[I 
 - klass: {type array int}
 - length: 13
RSP=0x0000000024d7eb10 is pointing into the stack for thread: 0x000000001c86f000
RBP=0x00000000a884e590 is an oop
[Lcom.android.dx.rop.code.RegisterSpec; 
 - klass: 'com/android/dx/rop/code/RegisterSpec'[]
 - length: 13
RSI=0x000000000000000d is an unknown value
RDI=0x0000000000003347 is an unknown value
R8 =0x0000000000800000 is an unknown value
R9 =0x00000001006f9fc8 is pointing into metadata
R10=0x0000000000000000 is an unknown value
R11=0x000000000000000d is an unknown value
R12=0x0000000000000000 is an unknown value
R13=0x000000000000000d is an unknown value
R14=0x00000000ef525e78 is an oop
com.android.dx.dex.code.LocalList$MakeState 
 - klass: 'com/android/dx/dex/code/LocalList$MakeState'
R15=0x000000001c86f000 is a thread


Stack: [0x0000000024c80000,0x0000000024d80000],  sp=0x0000000024d7eb10,  free space=1018k
Native frames: (J=compiled Java code, j=interpreted, Vv=VM code, C=native code)
C  0x00000000044ea5e1


---------------  P R O C E S S  ---------------

Java Threads: ( => current thread )
  0x000000001c86c000 JavaThread "pool-973-thread-1" [_thread_in_vm, id=10076, stack(0x0000000024780000,0x0000000024880000)]
  0x000000001c86d800 JavaThread "pool-955-thread-1" [_thread_in_vm, id=10316, stack(0x0000000024580000,0x0000000024680000)]
=>0x000000001c86f000 JavaThread "pool-958-thread-1" [_thread_in_Java, id=11216, stack(0x0000000024c80000,0x0000000024d80000)]
  0x000000001c87b000 JavaThread "pool-980-thread-4" [_thread_in_vm, id=1748, stack(0x0000000026760000,0x0000000026860000)]
  0x000000001c87a800 JavaThread "pool-980-thread-3" [_thread_blocked, id=6816, stack(0x0000000026660000,0x0000000026760000)]
  0x000000001c874800 JavaThread "pool-980-thread-2" [_thread_in_vm, id=5676, stack(0x0000000026560000,0x0000000026660000)]
  0x000000001c877800 JavaThread "pool-981-thread-1" [_thread_blocked, id=7664, stack(0x0000000024b80000,0x0000000024c80000)]
  0x000000001c873800 JavaThread "pool-980-thread-1" [_thread_blocked, id=4976, stack(0x0000000023f80000,0x0000000024080000)]
  0x000000001c88e800 JavaThread "pool-937-thread-4" [_thread_blocked, id=12068, stack(0x0000000023e80000,0x0000000023f80000)]
  0x000000001c88c000 JavaThread "pool-937-thread-3" [_thread_blocked, id=6656, stack(0x0000000023580000,0x0000000023680000)]
  0x000000001c88b800 JavaThread "pool-937-thread-2" [_thread_blocked, id=5248, stack(0x00000000210f0000,0x00000000211f0000)]
  0x000000001c88a000 JavaThread "pool-937-thread-1" [_thread_blocked, id=2892, stack(0x000000001f960000,0x000000001fa60000)]
  0x000000001c889000 JavaThread "Stdin handler" [_thread_blocked, id=2980, stack(0x000000001a530000,0x000000001a630000)]
  0x000000001c888800 JavaThread "Asynchronous log dispatcher for org.gradle.launcher.daemon.server.DefaultDaemonConnection@1b6ce384" [_thread_blocked, id=11384, stack(0x000000001a430000,0x000000001a530000)]
  0x000000001c887800 JavaThread "Cancel handler" [_thread_blocked, id=12024, stack(0x000000001a230000,0x000000001a330000)]
  0x000000001c884800 JavaThread "Handler for socket connection from /127.0.0.1:21507 to /127.0.0.1:28833" [_thread_in_native, id=11308, stack(0x000000001a130000,0x000000001a230000)]
  0x000000001c88a800 JavaThread "Daemon worker Thread 17" [_thread_blocked, id=3764, stack(0x000000001a330000,0x000000001a430000)]
  0x000000001c884000 JavaThread "Daemon Thread 17" [_thread_blocked, id=10120, stack(0x000000001a030000,0x000000001a130000)]
  0x000000001eda8800 JavaThread "pool-26-thread-4" [_thread_blocked, id=2600, stack(0x0000000023080000,0x0000000023180000)]
  0x000000001eda5000 JavaThread "pool-26-thread-3" [_thread_blocked, id=1924, stack(0x0000000022f80000,0x0000000023080000)]
  0x000000001eda8000 JavaThread "pool-26-thread-2" [_thread_in_vm, id=11620, stack(0x0000000022e80000,0x0000000022f80000)]
  0x000000001eda6800 JavaThread "pool-26-thread-1" [_thread_blocked, id=11240, stack(0x0000000022d80000,0x0000000022e80000)]
  0x000000001bbcb800 JavaThread "File lock request listener" [_thread_in_native, id=10764, stack(0x000000001e1a0000,0x000000001e2a0000)]
  0x0000000018cd9800 JavaThread "pool-1-thread-1" [_thread_blocked, id=4168, stack(0x0000000019f30000,0x000000001a030000)]
  0x0000000018b56000 JavaThread "Incoming local TCP Connector on port 21507" [_thread_in_native, id=11844, stack(0x0000000019b70000,0x0000000019c70000)]
  0x0000000017911000 JavaThread "Service Thread" daemon [_thread_blocked, id=10384, stack(0x0000000017ec0000,0x0000000017fc0000)]
  0x000000001790b800 JavaThread "C1 CompilerThread2" daemon [_thread_blocked, id=10884, stack(0x0000000017dc0000,0x0000000017ec0000)]
  0x00000000161ea800 JavaThread "C2 CompilerThread1" daemon [_thread_blocked, id=9744, stack(0x0000000017cc0000,0x0000000017dc0000)]
  0x00000000161db000 JavaThread "C2 CompilerThread0" daemon [_thread_blocked, id=11244, stack(0x00000000177c0000,0x00000000178c0000)]
  0x00000000161d9800 JavaThread "Attach Listener" daemon [_thread_blocked, id=4072, stack(0x00000000176c0000,0x00000000177c0000)]
  0x00000000161d8800 JavaThread "Signal Dispatcher" daemon [_thread_blocked, id=11472, stack(0x00000000175c0000,0x00000000176c0000)]
  0x000000000281b800 JavaThread "Finalizer" daemon [_thread_blocked, id=2556, stack(0x0000000017400000,0x0000000017500000)]
  0x0000000002810800 JavaThread "Reference Handler" daemon [_thread_blocked, id=9920, stack(0x0000000017300000,0x0000000017400000)]
  0x0000000000dfd800 JavaThread "main" [_thread_blocked, id=10796, stack(0x0000000002570000,0x0000000002670000)]

Other Threads:
  0x0000000016155000 VMThread [stack: 0x0000000017200000,0x0000000017300000] [id=11748]
  0x0000000017913000 WatcherThread [stack: 0x0000000017fc0000,0x00000000180c0000] [id=6252]

VM state:synchronizing (normal execution)

VM Mutex/Monitor currently owned by a thread:  ([mutex/lock_event])
[0x0000000000dfce40] Safepoint_lock - owner thread: 0x0000000016155000
[0x0000000000dfcfc0] Threads_lock - owner thread: 0x0000000016155000
[0x0000000000dfc940] Heap_lock - owner thread: 0x000000001c873800

Heap:
 PSYoungGen      total 432128K, used 416361K [0x00000000e0000000, 0x0000000100000000, 0x0000000100000000)
  eden space 359424K, 100% used [0x00000000e0000000,0x00000000f5f00000,0x00000000f5f00000)
  from space 72704K, 78% used [0x00000000fb900000,0x00000000ff09a5e0,0x0000000100000000)
  to   space 82432K, 0% used [0x00000000f5f00000,0x00000000f5f00000,0x00000000faf80000)
 ParOldGen       total 355328K, used 146429K [0x00000000a0000000, 0x00000000b5b00000, 0x00000000e0000000)
  object space 355328K, 41% used [0x00000000a0000000,0x00000000a8eff7d0,0x00000000b5b00000)
 Metaspace       used 82927K, capacity 89356K, committed 90112K, reserved 1128448K
  class space    used 10340K, capacity 11063K, committed 11264K, reserved 1048576K

Card table byte_map: [0x0000000011be0000,0x0000000011ef0000] byte_map_base: 0x00000000116e0000

Marking Bits: (ParMarkBitMap*) 0x0000000056789d00
 Begin Bits: [0x00000000124f0000, 0x0000000013cf0000)
 End Bits:   [0x0000000013cf0000, 0x00000000154f0000)

Polling page: 0x0000000000e00000

CodeCache: size=245760Kb used=77460Kb max_used=77481Kb free=168299Kb
 bounds [0x0000000002820000, 0x0000000007450000, 0x0000000011820000]
 total_blobs=20949 nmethods=20169 adapters=691
 compilation: enabled

Compilation events (10 events):
Event: 5221.615 Thread 0x000000001790b800 28663       3       com.android.builder.core.AndroidBuilder$$Lambda$225/431834509::accept (6 bytes)
Event: 5221.616 Thread 0x000000001790b800 nmethod 28663 0x0000000007405010 code [0x0000000007405180, 0x0000000007405508]
Event: 5221.617 Thread 0x000000001790b800 28664       3       com.android.builder.core.AndroidBuilder::lambda$preDexLibraryNoCache$0 (8 bytes)
Event: 5221.618 Thread 0x000000001790b800 nmethod 28664 0x00000000074049d0 code [0x0000000007404b40, 0x0000000007404e48]
Event: 5221.633 Thread 0x00000000161ea800 28665 %     4       com.android.dx.cf.direct.ClassPathOpener::processArchive @ 73 (221 bytes)
Event: 5221.697 Thread 0x00000000161ea800 nmethod 28665% 0x00000000074456d0 code [0x0000000007445960, 0x0000000007447b90]
Event: 5221.861 Thread 0x00000000161db000 28666       4       com.android.dx.dex.file.ClassDefItem::addFieldAnnotations (11 bytes)
Event: 5221.862 Thread 0x00000000161db000 nmethod 28666 0x0000000005869d90 code [0x0000000005869ee0, 0x0000000005869f88]
Event: 5222.074 Thread 0x00000000161ea800 28667       4       java.util.concurrent.ConcurrentHashMap::comparableClassFor (105 bytes)
Event: 5222.107 Thread 0x00000000161ea800 nmethod 28667 0x0000000007438250 code [0x00000000074384a0, 0x00000000074395c0]

GC Heap History (10 events):
Event: 5217.309 GC heap before
{Heap before GC invocations=185 (full 23):
 PSYoungGen      total 440320K, used 402159K [0x00000000e0000000, 0x0000000100000000, 0x0000000100000000)
  eden space 367616K, 100% used [0x00000000e0000000,0x00000000f6700000,0x00000000f6700000)
  from space 72704K, 47% used [0x00000000f6700000,0x00000000f88bbe48,0x00000000fae00000)
  to   space 71168K, 0% used [0x00000000fba80000,0x00000000fba80000,0x0000000100000000)
 ParOldGen       total 355328K, used 72574K [0x00000000a0000000, 0x00000000b5b00000, 0x00000000e0000000)
  object space 355328K, 20% used [0x00000000a0000000,0x00000000a46dfaa8,0x00000000b5b00000)
 Metaspace       used 82295K, capacity 88644K, committed 89216K, reserved 1128448K
  class space    used 10247K, capacity 10957K, committed 11136K, reserved 1048576K
Event: 5217.337 GC heap after
Heap after GC invocations=185 (full 23):
 PSYoungGen      total 441856K, used 23685K [0x00000000e0000000, 0x00000000ff680000, 0x0000000100000000)
  eden space 380416K, 0% used [0x00000000e0000000,0x00000000e0000000,0x00000000f7380000)
  from space 61440K, 38% used [0x00000000fba80000,0x00000000fd1a1740,0x00000000ff680000)
  to   space 67072K, 0% used [0x00000000f7380000,0x00000000f7380000,0x00000000fb500000)
 ParOldGen       total 355328K, used 73598K [0x00000000a0000000, 0x00000000b5b00000, 0x00000000e0000000)
  object space 355328K, 20% used [0x00000000a0000000,0x00000000a47dfb98,0x00000000b5b00000)
 Metaspace       used 82295K, capacity 88644K, committed 89216K, reserved 1128448K
  class space    used 10247K, capacity 10957K, committed 11136K, reserved 1048576K
}
Event: 5220.131 GC heap before
{Heap before GC invocations=186 (full 23):
 PSYoungGen      total 441856K, used 403571K [0x00000000e0000000, 0x00000000ff680000, 0x0000000100000000)
  eden space 380416K, 99% used [0x00000000e0000000,0x00000000f72fb730,0x00000000f7380000)
  from space 61440K, 38% used [0x00000000fba80000,0x00000000fd1a1740,0x00000000ff680000)
  to   space 67072K, 0% used [0x00000000f7380000,0x00000000f7380000,0x00000000fb500000)
 ParOldGen       total 355328K, used 73598K [0x00000000a0000000, 0x00000000b5b00000, 0x00000000e0000000)
  object space 355328K, 20% used [0x00000000a0000000,0x00000000a47dfb98,0x00000000b5b00000)
 Metaspace       used 82309K, capacity 88644K, committed 89216K, reserved 1128448K
  class space    used 10247K, capacity 10957K, committed 11136K, reserved 1048576K
Event: 5220.143 GC heap after
Heap after GC invocations=186 (full 23):
 PSYoungGen      total 447488K, used 2432K [0x00000000e0000000, 0x0000000100000000, 0x0000000100000000)
  eden space 380416K, 0% used [0x00000000e0000000,0x00000000e0000000,0x00000000f7380000)
  from space 67072K, 3% used [0x00000000f7380000,0x00000000f75e0000,0x00000000fb500000)
  to   space 67584K, 0% used [0x00000000fbe00000,0x00000000fbe00000,0x0000000100000000)
 ParOldGen       total 355328K, used 77983K [0x00000000a0000000, 0x00000000b5b00000, 0x00000000e0000000)
  object space 355328K, 21% used [0x00000000a0000000,0x00000000a4c27d50,0x00000000b5b00000)
 Metaspace       used 82309K, capacity 88644K, committed 89216K, reserved 1128448K
  class space    used 10247K, capacity 10957K, committed 11136K, reserved 1048576K
}
Event: 5221.147 GC heap before
{Heap before GC invocations=187 (full 23):
 PSYoungGen      total 447488K, used 382848K [0x00000000e0000000, 0x0000000100000000, 0x0000000100000000)
  eden space 380416K, 100% used [0x00000000e0000000,0x00000000f7380000,0x00000000f7380000)
  from space 67072K, 3% used [0x00000000f7380000,0x00000000f75e0000,0x00000000fb500000)
  to   space 67584K, 0% used [0x00000000fbe00000,0x00000000fbe00000,0x0000000100000000)
 ParOldGen       total 355328K, used 77983K [0x00000000a0000000, 0x00000000b5b00000, 0x00000000e0000000)
  object space 355328K, 21% used [0x00000000a0000000,0x00000000a4c27d50,0x00000000b5b00000)
 Metaspace       used 82918K, capacity 89352K, committed 90112K, reserved 1128448K
  class space    used 10340K, capacity 11063K, committed 11264K, reserved 1048576K
Event: 5221.193 GC heap after
Heap after GC invocations=187 (full 23):
 PSYoungGen      total 456704K, used 35957K [0x00000000e0000000, 0x0000000100000000, 0x0000000100000000)
  eden space 389120K, 0% used [0x00000000e0000000,0x00000000e0000000,0x00000000f7c00000)
  from space 67584K, 53% used [0x00000000fbe00000,0x00000000fe11d5e0,0x0000000100000000)
  to   space 67584K, 0% used [0x00000000f7c00000,0x00000000f7c00000,0x00000000fbe00000)
 ParOldGen       total 355328K, used 79247K [0x00000000a0000000, 0x00000000b5b00000, 0x00000000e0000000)
  object space 355328K, 22% used [0x00000000a0000000,0x00000000a4d63d80,0x00000000b5b00000)
 Metaspace       used 82918K, capacity 89352K, committed 90112K, reserved 1128448K
  class space    used 10340K, capacity 11063K, committed 11264K, reserved 1048576K
}
Event: 5221.519 GC heap before
{Heap before GC invocations=188 (full 23):
 PSYoungGen      total 456704K, used 425077K [0x00000000e0000000, 0x0000000100000000, 0x0000000100000000)
  eden space 389120K, 100% used [0x00000000e0000000,0x00000000f7c00000,0x00000000f7c00000)
  from space 67584K, 53% used [0x00000000fbe00000,0x00000000fe11d5e0,0x0000000100000000)
  to   space 67584K, 0% used [0x00000000f7c00000,0x00000000f7c00000,0x00000000fbe00000)
 ParOldGen       total 355328K, used 79247K [0x00000000a0000000, 0x00000000b5b00000, 0x00000000e0000000)
  object space 355328K, 22% used [0x00000000a0000000,0x00000000a4d63d80,0x00000000b5b00000)
 Metaspace       used 82925K, capacity 89352K, committed 90112K, reserved 1128448K
  class space    used 10340K, capacity 11063K, committed 11264K, reserved 1048576K
Event: 5221.608 GC heap after
Heap after GC invocations=188 (full 23):
 PSYoungGen      total 451584K, used 62438K [0x00000000e0000000, 0x0000000100000000, 0x0000000100000000)
  eden space 389120K, 0% used [0x00000000e0000000,0x00000000e0000000,0x00000000f7c00000)
  from space 62464K, 99% used [0x00000000f7c00000,0x00000000fb8f9980,0x00000000fb900000)
  to   space 72704K, 0% used [0x00000000fb900000,0x00000000fb900000,0x0000000100000000)
 ParOldGen       total 355328K, used 98046K [0x00000000a0000000, 0x00000000b5b00000, 0x00000000e0000000)
  object space 355328K, 27% used [0x00000000a0000000,0x00000000a5fbfa08,0x00000000b5b00000)
 Metaspace       used 82925K, capacity 89352K, committed 90112K, reserved 1128448K
  class space    used 10340K, capacity 11063K, committed 11264K, reserved 1048576K
}
Event: 5221.915 GC heap before
{Heap before GC invocations=189 (full 23):
 PSYoungGen      total 451584K, used 451558K [0x00000000e0000000, 0x0000000100000000, 0x0000000100000000)
  eden space 389120K, 100% used [0x00000000e0000000,0x00000000f7c00000,0x00000000f7c00000)
  from space 62464K, 99% used [0x00000000f7c00000,0x00000000fb8f9980,0x00000000fb900000)
  to   space 72704K, 0% used [0x00000000fb900000,0x00000000fb900000,0x0000000100000000)
 ParOldGen       total 355328K, used 98046K [0x00000000a0000000, 0x00000000b5b00000, 0x00000000e0000000)
  object space 355328K, 27% used [0x00000000a0000000,0x00000000a5fbfa08,0x00000000b5b00000)
 Metaspace       used 82927K, capacity 89356K, committed 90112K, reserved 1128448K
  class space    used 10340K, capacity 11063K, committed 11264K, reserved 1048576K
Event: 5222.032 GC heap after
Heap after GC invocations=189 (full 23):
 PSYoungGen      total 432128K, used 56937K [0x00000000e0000000, 0x0000000100000000, 0x0000000100000000)
  eden space 359424K, 0% used [0x00000000e0000000,0x00000000e0000000,0x00000000f5f00000)
  from space 72704K, 78% used [0x00000000fb900000,0x00000000ff09a5e0,0x0000000100000000)
  to   space 82432K, 0% used [0x00000000f5f00000,0x00000000f5f00000,0x00000000faf80000)
 ParOldGen       total 355328K, used 146429K [0x00000000a0000000, 0x00000000b5b00000, 0x00000000e0000000)
  object space 355328K, 41% used [0x00000000a0000000,0x00000000a8eff7d0,0x00000000b5b00000)
 Metaspace       used 82927K, capacity 89356K, committed 90112K, reserved 1128448K
  class space    used 10340K, capacity 11063K, committed 11264K, reserved 1048576K
}

Deoptimization events (10 events):
Event: 4898.011 Thread 0x000000001c870000 Uncommon trap: reason=unstable_if action=reinterpret pc=0x000000000376e0ac method=com.google.common.cache.LocalCache$Segment.evictEntries()V @ 25
Event: 4934.423 Thread 0x000000001c870000 Uncommon trap: reason=array_check action=maybe_recompile pc=0x0000000003e03e84 method=com.google.common.collect.SingletonImmutableList.copyIntoArray([Ljava/lang/Object;I)I @ 6
Event: 4934.429 Thread 0x000000001c870000 Uncommon trap: reason=array_check action=maybe_recompile pc=0x0000000003e03e84 method=com.google.common.collect.SingletonImmutableList.copyIntoArray([Ljava/lang/Object;I)I @ 6
Event: 4934.429 Thread 0x000000001c870000 Uncommon trap: reason=array_check action=maybe_recompile pc=0x0000000003e03e84 method=com.google.common.collect.SingletonImmutableList.copyIntoArray([Ljava/lang/Object;I)I @ 6
Event: 4934.429 Thread 0x000000001c870000 Uncommon trap: reason=array_check action=maybe_recompile pc=0x0000000003e03e84 method=com.google.common.collect.SingletonImmutableList.copyIntoArray([Ljava/lang/Object;I)I @ 6
Event: 4937.728 Thread 0x000000001caee000 Uncommon trap: reason=unstable_if action=reinterpret pc=0x0000000005df8a98 method=java.util.concurrent.locks.AbstractQueuedSynchronizer.hasQueuedPredecessors()Z @ 21
Event: 4938.263 Thread 0x000000001c870000 Uncommon trap: reason=null_check action=make_not_entrant pc=0x0000000007044bc4 method=com.android.builder.internal.packaging.sign.ManifestGenerationExtension.setAttribute(Ljava/lang/String;Ljava/lang/String;Ljava/lang/String;)V @ 55
Event: 4938.270 Thread 0x000000001c870000 Uncommon trap: reason=null_check action=make_not_entrant pc=0x000000000707844c method=com.android.builder.internal.packaging.sign.ManifestGenerationExtension.setAttribute(Ljava/lang/String;Ljava/lang/String;Ljava/lang/String;)V @ 55
Event: 4938.374 Thread 0x000000001c870000 Uncommon trap: reason=null_check action=make_not_entrant pc=0x000000000705eaec method=com.android.builder.internal.packaging.sign.ManifestGenerationExtension.setAttribute(Ljava/lang/String;Ljava/lang/String;Ljava/lang/String;)V @ 55
Event: 5037.119 Thread 0x000000001caf1000 Uncommon trap: reason=null_check action=make_not_entrant pc=0x0000000005149c2c method=java.lang.ThreadLocal$ThreadLocalMap.set(Ljava/lang/ThreadLocal;Ljava/lang/Object;)V @ 36

Internal exceptions (10 events):
Event: 5198.935 Thread 0x000000001c88a800 Exception <a 'sun/nio/fs/WindowsException'> (0x00000000e4c49e10) thrown at [C:\src\android\AOSP-openjdk\external\jetbrains\jdk\hotspot\src\share\vm\prims\jni.cpp, line 709]
Event: 5198.935 Thread 0x000000001c88a800 Exception <a 'sun/nio/fs/WindowsException'> (0x00000000e4c4a918) thrown at [C:\src\android\AOSP-openjdk\external\jetbrains\jdk\hotspot\src\share\vm\prims\jni.cpp, line 709]
Event: 5198.936 Thread 0x000000001c88a800 Exception <a 'sun/nio/fs/WindowsException'> (0x00000000e4c4c468) thrown at [C:\src\android\AOSP-openjdk\external\jetbrains\jdk\hotspot\src\share\vm\prims\jni.cpp, line 709]
Event: 5198.936 Thread 0x000000001c88a800 Exception <a 'sun/nio/fs/WindowsException'> (0x00000000e4c4cfa8) thrown at [C:\src\android\AOSP-openjdk\external\jetbrains\jdk\hotspot\src\share\vm\prims\jni.cpp, line 709]
Event: 5198.936 Thread 0x000000001c88a800 Exception <a 'sun/nio/fs/WindowsException'> (0x00000000e4c4fc18) thrown at [C:\src\android\AOSP-openjdk\external\jetbrains\jdk\hotspot\src\share\vm\prims\jni.cpp, line 709]
Event: 5198.936 Thread 0x000000001c88a800 Exception <a 'sun/nio/fs/WindowsException'> (0x00000000e4c50588) thrown at [C:\src\android\AOSP-openjdk\external\jetbrains\jdk\hotspot\src\share\vm\prims\jni.cpp, line 709]
Event: 5198.936 Thread 0x000000001c88a800 Exception <a 'sun/nio/fs/WindowsException'> (0x00000000e4c51f98) thrown at [C:\src\android\AOSP-openjdk\external\jetbrains\jdk\hotspot\src\share\vm\prims\jni.cpp, line 709]
Event: 5198.936 Thread 0x000000001c88a800 Exception <a 'sun/nio/fs/WindowsException'> (0x00000000e4c52918) thrown at [C:\src\android\AOSP-openjdk\external\jetbrains\jdk\hotspot\src\share\vm\prims\jni.cpp, line 709]
Event: 5211.237 Thread 0x000000001c88a800 Exception <a 'java/lang/ClassNotFoundException': asLocalRepo952_cjg0x4xak3rs4yq0kua3iby5BeanInfo> (0x00000000e2278620) thrown at [C:\src\android\AOSP-openjdk\external\jetbrains\jdk\hotspot\src\share\vm\classfile\systemDictionary.cpp, line 210]
Event: 5211.238 Thread 0x000000001c88a800 Exception <a 'java/lang/ClassNotFoundException': asLocalRepo952_cjg0x4xak3rs4yq0kua3iby5Customizer> (0x00000000e2282148) thrown at [C:\src\android\AOSP-openjdk\external\jetbrains\jdk\hotspot\src\share\vm\classfile\systemDictionary.cpp, line 210]

Events (10 events):
Event: 5222.038 Thread 0x000000001c86f000 Thread exited: 0x000000001c86f000
Event: 5222.039 Thread 0x000000001c86f000 Thread added: 0x000000001c86f000
Event: 5222.069 Thread 0x000000001c873000 Thread exited: 0x000000001c873000
Event: 5222.070 Thread 0x000000001c86d800 Thread exited: 0x000000001c86d800
Event: 5222.072 Thread 0x000000001c870000 Thread exited: 0x000000001c870000
Event: 5222.155 Thread 0x000000001c86c000 Thread exited: 0x000000001c86c000
Event: 5222.156 Thread 0x000000001c86d800 Thread added: 0x000000001c86d800
Event: 5222.156 Thread 0x000000001c871800 Thread exited: 0x000000001c871800
Event: 5222.185 Thread 0x000000001c879000 Thread exited: 0x000000001c879000
Event: 5222.209 Thread 0x000000001c879800 Thread exited: 0x000000001c879800


Dynamic libraries:
0x00007ff714d20000 - 0x00007ff714d51000 	C:\Program Files\Android\Android Studio\jre\bin\java.exe
0x00007ffc1d340000 - 0x00007ffc1d4ed000 	C:\Windows\SYSTEM32\ntdll.dll
0x00007ffc1bcc0000 - 0x00007ffc1bdfe000 	C:\Windows\system32\KERNEL32.DLL
0x00007ffc06740000 - 0x00007ffc06773000 	C:\Program Files (x86)\AVG\Av\avghooka.dll
0x00007ffc195b0000 - 0x00007ffc196c5000 	C:\Windows\system32\KERNELBASE.dll
0x00007ffc19e40000 - 0x00007ffc19eea000 	C:\Windows\system32\ADVAPI32.dll
0x00007ffc19ad0000 - 0x00007ffc19c47000 	C:\Windows\system32\USER32.dll
0x00007ffc15070000 - 0x00007ffc152eb000 	C:\Windows\WinSxS\amd64_microsoft.windows.common-controls_6595b64144ccf1df_6.0.9600.18006_none_623f33d3ecbe86e8\COMCTL32.dll
0x00007ffc1bfa0000 - 0x00007ffc1c04a000 	C:\Windows\system32\msvcrt.dll
0x00007ffc1bb50000 - 0x00007ffc1bba9000 	C:\Windows\SYSTEM32\sechost.dll
0x00007ffc1be60000 - 0x00007ffc1bfa0000 	C:\Windows\system32\RPCRT4.dll
0x00007ffc19f50000 - 0x00007ffc1a09f000 	C:\Windows\system32\GDI32.dll
0x00007ffc19580000 - 0x00007ffc195ae000 	C:\Windows\system32\SspiCli.dll
0x00007ffc1bc70000 - 0x00007ffc1bca6000 	C:\Windows\system32\IMM32.DLL
0x00007ffc196e0000 - 0x00007ffc19832000 	C:\Windows\system32\MSCTF.dll
0x00000000556c0000 - 0x0000000055792000 	C:\Program Files\Android\Android Studio\jre\jre\bin\msvcr100.dll
0x0000000055fd0000 - 0x0000000056804000 	C:\Program Files\Android\Android Studio\jre\jre\bin\server\jvm.dll
0x00007ffc0a210000 - 0x00007ffc0a219000 	C:\Windows\SYSTEM32\WSOCK32.dll
0x00007ffc152f0000 - 0x00007ffc15312000 	C:\Windows\SYSTEM32\WINMM.dll
0x00007ffc15320000 - 0x00007ffc1532a000 	C:\Windows\SYSTEM32\VERSION.dll
0x00007ffc1bb40000 - 0x00007ffc1bb47000 	C:\Windows\system32\PSAPI.DLL
0x00007ffc1be00000 - 0x00007ffc1be5a000 	C:\Windows\system32\WS2_32.dll
0x00007ffc14d30000 - 0x00007ffc14d5a000 	C:\Windows\SYSTEM32\WINMMBASE.dll
0x00007ffc19e30000 - 0x00007ffc19e39000 	C:\Windows\system32\NSI.dll
0x00007ffc19530000 - 0x00007ffc1957f000 	C:\Windows\SYSTEM32\cfgmgr32.dll
0x00007ffc17fc0000 - 0x00007ffc17fe8000 	C:\Windows\SYSTEM32\DEVOBJ.dll
0x00007ffbec940000 - 0x00007ffbec94f000 	C:\Program Files\Android\Android Studio\jre\jre\bin\verify.dll
0x00007ffbec910000 - 0x00007ffbec939000 	C:\Program Files\Android\Android Studio\jre\jre\bin\java.dll
0x00007ffbec430000 - 0x00007ffbec446000 	C:\Program Files\Android\Android Studio\jre\jre\bin\zip.dll
0x00007ffc1a110000 - 0x00007ffc1b638000 	C:\Windows\system32\SHELL32.dll
0x00007ffc1b660000 - 0x00007ffc1b871000 	C:\Windows\SYSTEM32\combase.dll
0x00007ffc19ef0000 - 0x00007ffc19f44000 	C:\Windows\system32\SHLWAPI.dll
0x00007ffc179a0000 - 0x00007ffc17a52000 	C:\Windows\SYSTEM32\SHCORE.dll
0x00007ffc19170000 - 0x00007ffc19185000 	C:\Windows\SYSTEM32\profapi.dll
0x00007ffbec3f0000 - 0x00007ffbec40a000 	C:\Program Files\Android\Android Studio\jre\jre\bin\net.dll
0x00007ffc189b0000 - 0x00007ffc18a09000 	C:\Windows\system32\mswsock.dll
0x00007ffbec3d0000 - 0x00007ffbec3e1000 	C:\Program Files\Android\Android Studio\jre\jre\bin\nio.dll
0x00007ffc0a900000 - 0x00007ffc0a912000 	C:\Users\אילון\.gradle\native\19\windows-amd64\native-platform.dll
0x00007ffc18a10000 - 0x00007ffc18a30000 	C:\Windows\SYSTEM32\CRYPTSP.dll
0x00007ffc18630000 - 0x00007ffc18666000 	C:\Windows\system32\rsaenh.dll
0x00007ffc18c60000 - 0x00007ffc18c86000 	C:\Windows\SYSTEM32\bcrypt.dll
0x00007ffc18740000 - 0x00007ffc18761000 	C:\Windows\SYSTEM32\USERENV.dll
0x00007ffc18f70000 - 0x00007ffc18fd3000 	C:\Windows\system32\bcryptprimitives.dll
0x00007ffc18fe0000 - 0x00007ffc18feb000 	C:\Windows\SYSTEM32\CRYPTBASE.dll
0x00007ffc12d90000 - 0x00007ffc12dba000 	C:\Windows\SYSTEM32\IPHLPAPI.DLL
0x00007ffc12d60000 - 0x00007ffc12d6a000 	C:\Windows\SYSTEM32\WINNSI.DLL
0x00007ffc12950000 - 0x00007ffc12966000 	C:\Windows\SYSTEM32\dhcpcsvc6.DLL
0x00007ffc127a0000 - 0x00007ffc127ba000 	C:\Windows\SYSTEM32\dhcpcsvc.DLL
0x00007ffbec900000 - 0x00007ffbec90d000 	C:\Program Files\Android\Android Studio\jre\jre\bin\management.dll
0x00007ffbeb990000 - 0x00007ffbeb9b4000 	C:\Program Files\Android\Android Studio\jre\jre\bin\sunec.dll
0x00007ffc14b30000 - 0x00007ffc14b3b000 	C:\Program Files\Android\Android Studio\jre\jre\bin\sunmscapi.dll
0x00007ffc19350000 - 0x00007ffc1952f000 	C:\Windows\system32\CRYPT32.dll
0x00007ffc19220000 - 0x00007ffc19231000 	C:\Windows\system32\MSASN1.dll
0x00007ffc0a6d0000 - 0x00007ffc0a859000 	C:\Windows\SYSTEM32\dbghelp.dll

VM Arguments:
jvm_args: -Xmx1536m -Dfile.encoding=windows-1255 -Duser.country=IL -Duser.language=iw -Duser.variant 
java_command: org.gradle.launcher.daemon.bootstrap.GradleDaemon 2.14.1
java_class_path (initial): C:\Program Files\Android\Android Studio\gradle\gradle-2.14.1\lib\gradle-launcher-2.14.1.jar
Launcher Type: SUN_STANDARD

Environment Variables:
JAVA_HOME=C:\Program Files\Java\jdk1.8.0_91
PATH=C:\ProgramData\Oracle\Java\javapath;C:\Program Files (x86)\Lenovo\FusionEngine;C:\Program Files (x86)\NVIDIA Corporation\PhysX\Common;C:\Program Files (x86)\Intel\iCLS Client\;C:\Program Files\Intel\iCLS Client\;C:\Windows\system32;C:\Windows;C:\Windows\System32\Wbem;C:\Windows\System32\WindowsPowerShell\v1.0\;C:\Program Files\Intel\Intel(R) Management Engine Components\DAL;C:\Program Files\Intel\Intel(R) Management Engine Components\IPT;C:\Program Files (x86)\Intel\Intel(R) Management Engine Components\DAL;C:\Program Files (x86)\Intel\Intel(R) Management Engine Components\IPT;C:\Program Files\Intel\WiFi\bin\;C:\Program Files\Common Files\Intel\WirelessCommon\;C:\Program Files (x86)\Common Files\lenovo\easyplussdk\bin;C:\Program Files\Microsoft SQL Server\120\Client SDK\ODBC\110\Tools\Binn\;C:\Program Files (x86)\Microsoft SQL Server\120\Tools\Binn\ManagementStudio\;C:\Program Files (x86)\Microsoft SQL Server\120\Tools\Binn\;C:\Program Files\Microsoft SQL Server\120\120\Tools\Binn\;C:\Program Files (x86)\Microsoft SQL Server\120\DTS\Binn\;C:\Program Files\Microsoft SQL Server\120\120\DTS\Binn\;c:\Program Files\Microsoft SQL Server\120\110\Tools\Binn\;c:\Program Files (x86)\Microsoft SQL Server\110\Tools\Binn\;c:\Program Files\Microsoft SQL Server\120\110\DTS\Binn\;c:\Program Files (x86)\Microsoft SQL Server\110\Tools\Binn\ManagementStudio\;c:\Program Files (x86)\Microsoft SQL Server\110\DTS\Binn\;C:\Program Files (x86)\Skype\Phone\;C:\Program Files\Java\jdk1.8.0_91\bin;C:\Windows\system32\config\systemprofile\.dnx\bin;C:\Program Files\Microsoft DNX\Dnvm\;C:\Program Files\Microsoft SQL Server\120\130\Tools\Binn\;C:\Program Files (x86)\Windows Kits\8.1\Windows Performance Toolkit\;C:\Program Files\Git\cmd;c:\Program Files (x86)\Microsoft SQL Server\100\Tools\Binn\;c:\Program Files\Microsoft SQL Server\100\Tools\Binn\;c:\Program Files\Microsoft SQL Server\100\DTS\Binn\;C:\Users\אילון\AppData\Local\Programs\Python\Python35
USERNAME=אילון
OS=Windows_NT
PROCESSOR_IDENTIFIER=Intel64 Family 6 Model 69 Stepping 1, GenuineIntel



---------------  S Y S T E M  ---------------

OS: Windows 8.1 , 64 bit Build 9600 (6.3.9600.17415)

CPU:total 4 (2 cores per cpu, 2 threads per core) family 6 model 69 stepping 1, cmov, cx8, fxsr, mmx, sse, sse2, sse3, ssse3, sse4.1, sse4.2, popcnt, avx, avx2, aes, clmul, erms, lzcnt, ht, tsc, tscinvbit, bmi1, bmi2

Memory: 4k page, physical 8294408k(1119360k free), swap 16683016k(5167284k free)

vm_info: OpenJDK 64-Bit Server VM (25.76-b03) for windows-amd64 JRE (1.8.0_76-release-b03), built on Jun 29 2016 19:09:20 by "ralucas" with MS VC++ 10.0 (VS2010)

time: Mon Nov 21 15:45:50 2016
elapsed time: 5222 seconds (0d 1h 27m 2s)

