#
# A fatal error has been detected by the Java Runtime Environment:
#
#  EXCEPTION_ACCESS_VIOLATION (0xc0000005) at pc=0x000000006789495a, pid=11040, tid=0x0000000000002b48
#
# JRE version: OpenJDK Runtime Environment (8.0_76-b03) (build 1.8.0_76-release-b03)
# Java VM: OpenJDK 64-Bit Server VM (25.76-b03 mixed mode windows-amd64 compressed oops)
# Problematic frame:
# V  [jvm.dll+0x3c495a]
#
# Failed to write core dump. Minidumps are not enabled by default on client versions of Windows
#
# If you would like to submit a bug report, please visit:
#   http://bugreport.java.com/bugreport/crash.jsp
#

---------------  T H R E A D  ---------------

Current thread (0x0000000002b1c000):  GCTaskThread [stack: 0x00000000127d0000,0x00000000128d0000] [id=11080]

siginfo: ExceptionCode=0xc0000005, reading address 0xffffffffffffffff

Registers:
RAX=0x00001fffffffec10, RBX=0x00009fffffff9c50, RCX=0x0000000067c89d80, RDX=0x0000000000800000
RSP=0x00000000128cfab0, RBP=0x0000000067c89d80, RSI=0x0000000002880000, RDI=0x0000000000800000
R8 =0x0011091112110911, R9 =0x000000000155cc0b, R10=0x0000000000055731, R11=0x000000000155cc40
R12=0x0000000067c89d00, R13=0x0000000000000155, R14=0x00000000aab00000, R15=0x00000000128cfbc8
RIP=0x000000006789495a, EFLAGS=0x0000000000010a02

Top of Stack: (sp=0x00000000128cfab0)
0x00000000128cfab0:   000000000000cafb 0000000067c89d80
0x00000000128cfac0:   0000000002880000 000000010094d268
0x00000000128cfad0:   0000000067c89d00 00000000a51ab1e0
0x00000000128cfae0:   000000000000002a 00000000675e1b18
0x00000000128cfaf0:   000000010094d270 00000000a51ab194
0x00000000128cfb00:   0000000001560000 0000000067c89d00
0x00000000128cfb10:   000000000000002a 0000000067895af9
0x00000000128cfb20:   00000000128cfbc8 000000000155d2c1
0x00000000128cfb30:   000000000155d26d 0000000067894415
0x00000000128cfb40:   0000000001560000 000000006788b33d
0x00000000128cfb50:   000000000155d298 0000000067895a09
0x00000000128cfb60:   0000000000000000 000000006789592f
0x00000000128cfb70:   00000000ac0733d8 00000000aab00000
0x00000000128cfb80:   0000000000000155 0000000000000000
0x00000000128cfb90:   0000000002880000 0000000067896dd4
0x00000000128cfba0:   00000000aaa80000 00000000128cfc08 

Instructions: (pc=0x000000006789495a)
0x000000006789493a:   56 57 41 54 48 83 ec 20 48 8b 71 18 48 8b c2 48
0x000000006789494a:   8b fa 48 2b 01 48 8b e9 48 c1 e8 13 48 8d 1c 80
0x000000006789495a:   44 8b 44 de 1c 8b 44 de 18 4c 8b 24 de 41 81 e0
0x000000006789496a:   ff ff ff 07 4c 03 c0 49 81 f8 00 00 01 00 75 09 


Register to memory mapping:

RAX=0x00001fffffffec10 is an unknown value
RBX=0x00009fffffff9c50 is an unknown value
RCX=0x0000000067c89d80 is an unknown value
RDX=0x0000000000800000 is an unknown value
RSP=0x00000000128cfab0 is an unknown value
RBP=0x0000000067c89d80 is an unknown value
RSI=0x0000000002880000 is an unknown value
RDI=0x0000000000800000 is an unknown value
R8 =0x0011091112110911 is an unknown value
R9 =0x000000000155cc0b is an unknown value
R10=0x0000000000055731 is an unknown value
R11=0x000000000155cc40 is an unknown value
R12=0x0000000067c89d00 is an unknown value
R13=0x0000000000000155 is an unknown value
R14=
[error occurred during error reporting (printing register info), id 0xc0000005]

Stack: [0x00000000127d0000,0x00000000128d0000],  sp=0x00000000128cfab0,  free space=1022k
Native frames: (J=compiled Java code, j=interpreted, Vv=VM code, C=native code)
V  [jvm.dll+0x3c495a]
V  [jvm.dll+0x111b18]
V  [jvm.dll+0x3c5af9]
V  [jvm.dll+0x3bb33d]
V  [jvm.dll+0x3c6dd4]
V  [jvm.dll+0x3be8da]
V  [jvm.dll+0x3bc1f5]
V  [jvm.dll+0x3b997e]
V  [jvm.dll+0x26b60a]
C  [msvcr100.dll+0x21d9f]
C  [msvcr100.dll+0x21e3b]
C  [KERNEL32.DLL+0x13d2]
C  [ntdll.dll+0x154e4]


---------------  P R O C E S S  ---------------

Java Threads: ( => current thread )
  0x0000000019ba3800 JavaThread "pool-40-thread-1" [_thread_blocked, id=10632, stack(0x0000000023620000,0x0000000023720000)]
  0x0000000019b9d000 JavaThread "pool-47-thread-4" [_thread_blocked, id=11024, stack(0x0000000025720000,0x0000000025820000)]
  0x0000000019b9d800 JavaThread "pool-47-thread-3" [_thread_blocked, id=10068, stack(0x0000000025620000,0x0000000025720000)]
  0x0000000019b94800 JavaThread "pool-47-thread-2" [_thread_blocked, id=7776, stack(0x0000000025370000,0x0000000025470000)]
  0x000000001b509000 JavaThread "pool-48-thread-1" [_thread_blocked, id=10064, stack(0x0000000025270000,0x0000000025370000)]
  0x000000001b507800 JavaThread "pool-47-thread-1" [_thread_blocked, id=10452, stack(0x0000000025170000,0x0000000025270000)]
  0x000000001b4fd800 JavaThread "pool-9-thread-4" [_thread_blocked, id=2004, stack(0x0000000023520000,0x0000000023620000)]
  0x000000001b4fb800 JavaThread "pool-9-thread-3" [_thread_blocked, id=3940, stack(0x0000000023420000,0x0000000023520000)]
  0x000000001b4fa000 JavaThread "pool-9-thread-2" [_thread_blocked, id=8340, stack(0x0000000023320000,0x0000000023420000)]
  0x000000001b4fd000 JavaThread "pool-9-thread-1" [_thread_blocked, id=10472, stack(0x0000000023220000,0x0000000023320000)]
  0x0000000019b99000 JavaThread "pool-3-thread-4" [_thread_blocked, id=9824, stack(0x0000000022820000,0x0000000022920000)]
  0x0000000019b9c000 JavaThread "pool-3-thread-3" [_thread_blocked, id=4500, stack(0x0000000022720000,0x0000000022820000)]
  0x0000000019b98800 JavaThread "pool-3-thread-2" [_thread_blocked, id=6444, stack(0x0000000020e10000,0x0000000020f10000)]
  0x0000000019b9a800 JavaThread "pool-3-thread-1" [_thread_blocked, id=7868, stack(0x00000000200d0000,0x00000000201d0000)]
  0x0000000019b97800 JavaThread "Stdin handler" [_thread_blocked, id=10740, stack(0x000000001a8d0000,0x000000001a9d0000)]
  0x0000000019b97000 JavaThread "Asynchronous log dispatcher for org.gradle.launcher.daemon.server.DefaultDaemonConnection@838d9e9" [_thread_blocked, id=3064, stack(0x000000001a7d0000,0x000000001a8d0000)]
  0x0000000019b96000 JavaThread "Daemon worker Thread 2" [_thread_blocked, id=8412, stack(0x000000001a6d0000,0x000000001a7d0000)]
  0x0000000019b95800 JavaThread "Cancel handler" [_thread_blocked, id=11252, stack(0x000000001a5d0000,0x000000001a6d0000)]
  0x000000001d7a1000 JavaThread "Handler for socket connection from /127.0.0.1:2572 to /127.0.0.1:2614" [_thread_in_native, id=11088, stack(0x000000001a4d0000,0x000000001a5d0000)]
  0x000000001d7a0800 JavaThread "Daemon Thread 2" [_thread_blocked, id=6884, stack(0x000000001a3d0000,0x000000001a4d0000)]
  0x0000000019b18800 JavaThread "File lock request listener" [_thread_in_native, id=10392, stack(0x000000001bfa0000,0x000000001c0a0000)]
  0x00000000190d2800 JavaThread "pool-1-thread-1" [_thread_blocked, id=5220, stack(0x000000001a2d0000,0x000000001a3d0000)]
  0x000000001902a800 JavaThread "Incoming local TCP Connector on port 2572" [_thread_in_native, id=10640, stack(0x0000000018bc0000,0x0000000018cc0000)]
  0x0000000017e30000 JavaThread "Service Thread" daemon [_thread_blocked, id=9808, stack(0x00000000181c0000,0x00000000182c0000)]
  0x00000000165c5000 JavaThread "C1 CompilerThread2" daemon [_thread_blocked, id=6012, stack(0x0000000017cc0000,0x0000000017dc0000)]
  0x00000000165bd000 JavaThread "C2 CompilerThread1" daemon [_thread_blocked, id=8268, stack(0x0000000017bc0000,0x0000000017cc0000)]
  0x00000000165bb000 JavaThread "C2 CompilerThread0" daemon [_thread_in_native, id=2052, stack(0x0000000017ac0000,0x0000000017bc0000)]
  0x00000000165b9800 JavaThread "Attach Listener" daemon [_thread_blocked, id=5744, stack(0x00000000179c0000,0x0000000017ac0000)]
  0x00000000165b8800 JavaThread "Signal Dispatcher" daemon [_thread_blocked, id=7100, stack(0x00000000178c0000,0x00000000179c0000)]
  0x0000000002bfb800 JavaThread "Finalizer" daemon [_thread_blocked, id=2852, stack(0x00000000177c0000,0x00000000178c0000)]
  0x0000000002bf0800 JavaThread "Reference Handler" daemon [_thread_blocked, id=1700, stack(0x00000000176c0000,0x00000000177c0000)]
  0x0000000002afd800 JavaThread "main" [_thread_blocked, id=1388, stack(0x0000000002920000,0x0000000002a20000)]

Other Threads:
  0x0000000016535000 VMThread [stack: 0x00000000175c0000,0x00000000176c0000] [id=2324]
  0x0000000017e34000 WatcherThread [stack: 0x00000000182c0000,0x00000000183c0000] [id=2808]

=>0x0000000002b1c000 (exited) GCTaskThread [stack: 0x00000000127d0000,0x00000000128d0000] [id=11080]

VM state:at safepoint (normal execution)

VM Mutex/Monitor currently owned by a thread:  ([mutex/lock_event])
[0x0000000002afd530] Threads_lock - owner thread: 0x0000000016535000
[0x0000000002afd0b0] Heap_lock - owner thread: 0x000000001b507800

Heap:
 PSYoungGen      total 446464K, used 52465K [0x00000000e0000000, 0x0000000100000000, 0x0000000100000000)
  eden space 381952K, 0% used [0x00000000e0000000,0x00000000e0000000,0x00000000f7500000)
  from space 64512K, 81% used [0x00000000fc100000,0x00000000ff43c7f0,0x0000000100000000)
  to   space 71168K, 0% used [0x00000000f7500000,0x00000000f7500000,0x00000000fba80000)
 ParOldGen       total 207872K, used 197068K [0x00000000a0000000, 0x00000000acb00000, 0x00000000e0000000)
  object space 207872K, 94% used [0x00000000a0000000,0x00000000ac0733d8,0x00000000acb00000)
 Metaspace       used 70191K, capacity 72838K, committed 73136K, reserved 1112064K
  class space    used 9022K, capacity 9568K, committed 9648K, reserved 1048576K

Card table byte_map: [0x0000000011fc0000,0x00000000122d0000] byte_map_base: 0x0000000011ac0000

Marking Bits: (ParMarkBitMap*) 0x0000000067c89d00
 Begin Bits: [0x00000000128d0000, 0x00000000140d0000)
 End Bits:   [0x00000000140d0000, 0x00000000158d0000)

Polling page: 0x0000000001290000

CodeCache: size=245760Kb used=45002Kb max_used=45033Kb free=200757Kb
 bounds [0x0000000002c00000, 0x0000000005880000, 0x0000000011c00000]
 total_blobs=13331 nmethods=12582 adapters=660
 compilation: enabled

Compilation events (10 events):
Event: 457.278 Thread 0x00000000165bd000 nmethod 15502 0x0000000003522ed0 code [0x0000000003523300, 0x0000000003527270]
Event: 457.280 Thread 0x00000000165bd000 15682       4       com.android.dx.ssa.SCCP::simulateBranch (666 bytes)
Event: 457.330 Thread 0x00000000165bd000 nmethod 15682 0x0000000004881490 code [0x0000000004881700, 0x0000000004882c10]
Event: 457.332 Thread 0x00000000165bd000 15506       4       com.android.dx.util.FixedSizeList::shrinkToFit (103 bytes)
Event: 457.339 Thread 0x00000000165bd000 nmethod 15506 0x0000000003d18810 code [0x0000000003d18960, 0x0000000003d18d38]
Event: 457.339 Thread 0x00000000165c5000 15697       2       java.util.concurrent.ConcurrentHashMap$TreeBin::balanceInsertion (245 bytes)
Event: 457.340 Thread 0x00000000165c5000 nmethod 15697 0x00000000036284d0 code [0x00000000036286c0, 0x0000000003628c98]
Event: 457.341 Thread 0x00000000165bd000 15529       4       com.android.dx.cf.code.BytecodeArray::processWorkSet (50 bytes)
Event: 457.346 Thread 0x00000000165bd000 nmethod 15529 0x0000000003627f90 code [0x00000000036280e0, 0x0000000003628308]
Event: 457.347 Thread 0x00000000165bd000 15525       4       com.android.dx.ssa.back.FirstFitLocalCombiningAllocator::handleUnassociatedParameters (60 bytes)

GC Heap History (10 events):
Event: 448.672 GC heap after
Heap after GC invocations=22 (full 3):
 PSYoungGen      total 376832K, used 40423K [0x00000000e0000000, 0x0000000100000000, 0x0000000100000000)
  eden space 336384K, 0% used [0x00000000e0000000,0x00000000e0000000,0x00000000f4880000)
  from space 40448K, 99% used [0x00000000f4880000,0x00000000f6ff9f18,0x00000000f7000000)
  to   space 54784K, 0% used [0x00000000fca80000,0x00000000fca80000,0x0000000100000000)
 ParOldGen       total 100864K, used 100802K [0x00000000a0000000, 0x00000000a6280000, 0x00000000e0000000)
  object space 100864K, 99% used [0x00000000a0000000,0x00000000a6270a98,0x00000000a6280000)
 Metaspace       used 70016K, capacity 72754K, committed 72880K, reserved 1112064K
  class space    used 9026K, capacity 9578K, committed 9648K, reserved 1048576K
}
Event: 448.672 GC heap before
{Heap before GC invocations=23 (full 4):
 PSYoungGen      total 376832K, used 40423K [0x00000000e0000000, 0x0000000100000000, 0x0000000100000000)
  eden space 336384K, 0% used [0x00000000e0000000,0x00000000e0000000,0x00000000f4880000)
  from space 40448K, 99% used [0x00000000f4880000,0x00000000f6ff9f18,0x00000000f7000000)
  to   space 54784K, 0% used [0x00000000fca80000,0x00000000fca80000,0x0000000100000000)
 ParOldGen       total 100864K, used 100802K [0x00000000a0000000, 0x00000000a6280000, 0x00000000e0000000)
  object space 100864K, 99% used [0x00000000a0000000,0x00000000a6270a98,0x00000000a6280000)
 Metaspace       used 70016K, capacity 72754K, committed 72880K, reserved 1112064K
  class space    used 9026K, capacity 9578K, committed 9648K, reserved 1048576K
Event: 450.893 GC heap after
Heap after GC invocations=23 (full 4):
 PSYoungGen      total 376832K, used 20893K [0x00000000e0000000, 0x0000000100000000, 0x0000000100000000)
  eden space 336384K, 0% used [0x00000000e0000000,0x00000000e0000000,0x00000000f4880000)
  from space 40448K, 51% used [0x00000000f4880000,0x00000000f5ce76e8,0x00000000f7000000)
  to   space 54784K, 0% used [0x00000000fca80000,0x00000000fca80000,0x0000000100000000)
 ParOldGen       total 207872K, used 100671K [0x00000000a0000000, 0x00000000acb00000, 0x00000000e0000000)
  object space 207872K, 48% used [0x00000000a0000000,0x00000000a624ffc8,0x00000000acb00000)
 Metaspace       used 70000K, capacity 72710K, committed 72880K, reserved 1112064K
  class space    used 9021K, capacity 9568K, committed 9648K, reserved 1048576K
}
Event: 452.220 GC heap before
{Heap before GC invocations=24 (full 4):
 PSYoungGen      total 376832K, used 357277K [0x00000000e0000000, 0x0000000100000000, 0x0000000100000000)
  eden space 336384K, 100% used [0x00000000e0000000,0x00000000f4880000,0x00000000f4880000)
  from space 40448K, 51% used [0x00000000f4880000,0x00000000f5ce76e8,0x00000000f7000000)
  to   space 54784K, 0% used [0x00000000fca80000,0x00000000fca80000,0x0000000100000000)
 ParOldGen       total 207872K, used 100671K [0x00000000a0000000, 0x00000000acb00000, 0x00000000e0000000)
  object space 207872K, 48% used [0x00000000a0000000,0x00000000a624ffc8,0x00000000acb00000)
 Metaspace       used 70081K, capacity 72774K, committed 73136K, reserved 1112064K
  class space    used 9022K, capacity 9568K, committed 9648K, reserved 1048576K
Event: 452.486 GC heap after
Heap after GC invocations=24 (full 4):
 PSYoungGen      total 462336K, used 41174K [0x00000000e0000000, 0x0000000100000000, 0x0000000100000000)
  eden space 407552K, 0% used [0x00000000e0000000,0x00000000e0000000,0x00000000f8e00000)
  from space 54784K, 75% used [0x00000000fca80000,0x00000000ff2b5a00,0x0000000100000000)
  to   space 58368K, 0% used [0x00000000f8e00000,0x00000000f8e00000,0x00000000fc700000)
 ParOldGen       total 207872K, used 121709K [0x00000000a0000000, 0x00000000acb00000, 0x00000000e0000000)
  object space 207872K, 58% used [0x00000000a0000000,0x00000000a76db6f8,0x00000000acb00000)
 Metaspace       used 70081K, capacity 72774K, committed 73136K, reserved 1112064K
  class space    used 9022K, capacity 9568K, committed 9648K, reserved 1048576K
}
Event: 454.211 GC heap before
{Heap before GC invocations=25 (full 4):
 PSYoungGen      total 462336K, used 448726K [0x00000000e0000000, 0x0000000100000000, 0x0000000100000000)
  eden space 407552K, 100% used [0x00000000e0000000,0x00000000f8e00000,0x00000000f8e00000)
  from space 54784K, 75% used [0x00000000fca80000,0x00000000ff2b5a00,0x0000000100000000)
  to   space 58368K, 0% used [0x00000000f8e00000,0x00000000f8e00000,0x00000000fc700000)
 ParOldGen       total 207872K, used 121709K [0x00000000a0000000, 0x00000000acb00000, 0x00000000e0000000)
  object space 207872K, 58% used [0x00000000a0000000,0x00000000a76db6f8,0x00000000acb00000)
 Metaspace       used 70139K, capacity 72838K, committed 73136K, reserved 1112064K
  class space    used 9022K, capacity 9568K, committed 9648K, reserved 1048576K
Event: 454.412 GC heap after
Heap after GC invocations=25 (full 4):
 PSYoungGen      total 459776K, used 52095K [0x00000000e0000000, 0x0000000100000000, 0x0000000100000000)
  eden space 407552K, 0% used [0x00000000e0000000,0x00000000e0000000,0x00000000f8e00000)
  from space 52224K, 99% used [0x00000000f8e00000,0x00000000fc0dffe8,0x00000000fc100000)
  to   space 64512K, 0% used [0x00000000fc100000,0x00000000fc100000,0x0000000100000000)
 ParOldGen       total 207872K, used 152880K [0x00000000a0000000, 0x00000000acb00000, 0x00000000e0000000)
  object space 207872K, 73% used [0x00000000a0000000,0x00000000a954c380,0x00000000acb00000)
 Metaspace       used 70139K, capacity 72838K, committed 73136K, reserved 1112064K
  class space    used 9022K, capacity 9568K, committed 9648K, reserved 1048576K
}
Event: 457.358 GC heap before
{Heap before GC invocations=26 (full 4):
 PSYoungGen      total 459776K, used 459647K [0x00000000e0000000, 0x0000000100000000, 0x0000000100000000)
  eden space 407552K, 100% used [0x00000000e0000000,0x00000000f8e00000,0x00000000f8e00000)
  from space 52224K, 99% used [0x00000000f8e00000,0x00000000fc0dffe8,0x00000000fc100000)
  to   space 64512K, 0% used [0x00000000fc100000,0x00000000fc100000,0x0000000100000000)
 ParOldGen       total 207872K, used 152880K [0x00000000a0000000, 0x00000000acb00000, 0x00000000e0000000)
  object space 207872K, 73% used [0x00000000a0000000,0x00000000a954c380,0x00000000acb00000)
 Metaspace       used 70191K, capacity 72838K, committed 73136K, reserved 1112064K
  class space    used 9022K, capacity 9568K, committed 9648K, reserved 1048576K
Event: 457.707 GC heap after
Heap after GC invocations=26 (full 4):
 PSYoungGen      total 446464K, used 52465K [0x00000000e0000000, 0x0000000100000000, 0x0000000100000000)
  eden space 381952K, 0% used [0x00000000e0000000,0x00000000e0000000,0x00000000f7500000)
  from space 64512K, 81% used [0x00000000fc100000,0x00000000ff43c7f0,0x0000000100000000)
  to   space 71168K, 0% used [0x00000000f7500000,0x00000000f7500000,0x00000000fba80000)
 ParOldGen       total 207872K, used 197068K [0x00000000a0000000, 0x00000000acb00000, 0x00000000e0000000)
  object space 207872K, 94% used [0x00000000a0000000,0x00000000ac0733d8,0x00000000acb00000)
 Metaspace       used 70191K, capacity 72838K, committed 73136K, reserved 1112064K
  class space    used 9022K, capacity 9568K, committed 9648K, reserved 1048576K
}
Event: 457.707 GC heap before
{Heap before GC invocations=27 (full 5):
 PSYoungGen      total 446464K, used 52465K [0x00000000e0000000, 0x0000000100000000, 0x0000000100000000)
  eden space 381952K, 0% used [0x00000000e0000000,0x00000000e0000000,0x00000000f7500000)
  from space 64512K, 81% used [0x00000000fc100000,0x00000000ff43c7f0,0x0000000100000000)
  to   space 71168K, 0% used [0x00000000f7500000,0x00000000f7500000,0x00000000fba80000)
 ParOldGen       total 207872K, used 197068K [0x00000000a0000000, 0x00000000acb00000, 0x00000000e0000000)
  object space 207872K, 94% used [0x00000000a0000000,0x00000000ac0733d8,0x00000000acb00000)
 Metaspace       used 70191K, capacity 72838K, committed 73136K, reserved 1112064K
  class space    used 9022K, capacity 9568K, committed 9648K, reserved 1048576K

Deoptimization events (10 events):
Event: 453.661 Thread 0x000000001b4fa000 Uncommon trap: reason=unstable_if action=reinterpret pc=0x00000000057fd2ec method=com.android.dx.ssa.back.IdenticalBlockCombiner.replaceSucc(Lcom/android/dx/rop/code/BasicBlock;II)V @ 30
Event: 454.067 Thread 0x000000001b504800 Uncommon trap: reason=unstable_if action=reinterpret pc=0x0000000004adb844 method=java.util.concurrent.ConcurrentHashMap.putVal(Ljava/lang/Object;Ljava/lang/Object;Z)Ljava/lang/Object; @ 288
Event: 454.608 Thread 0x000000001b505000 Uncommon trap: reason=unstable_if action=reinterpret pc=0x00000000058028d0 method=com.android.dx.dex.code.LocalList$MakeState.snapshot(ILcom/android/dx/rop/code/RegisterSpecSet;)V @ 86
Event: 454.869 Thread 0x0000000019b9d000 Uncommon trap: reason=unstable_if action=reinterpret pc=0x00000000051c7650 method=com.android.dx.cf.code.Merger.mergeType(Lcom/android/dx/rop/type/TypeBearer;Lcom/android/dx/rop/type/TypeBearer;)Lcom/android/dx/rop/type/TypeBearer; @ 133
Event: 455.024 Thread 0x0000000019ba2000 Uncommon trap: reason=unstable_if action=reinterpret pc=0x00000000052db7c4 method=com.android.dx.ssa.SCCP.simulateBranch(Lcom/android/dx/ssa/SsaInsn;)V @ 334
Event: 455.177 Thread 0x0000000019ba2000 Uncommon trap: reason=unstable_if action=reinterpret pc=0x00000000051dbd44 method=java.util.BitSet.nextClearBit(I)I @ 70
Event: 455.186 Thread 0x0000000019ba2000 Uncommon trap: reason=unstable_if action=reinterpret pc=0x00000000058196f4 method=java.util.BitSet.set(II)V @ 48
Event: 455.186 Thread 0x0000000019ba2000 Uncommon trap: reason=unstable_if action=reinterpret pc=0x00000000051ec22c method=java.util.BitSet.set(II)V @ 48
Event: 455.364 Thread 0x000000001b505000 Uncommon trap: reason=unstable_if action=reinterpret pc=0x00000000051ed43c method=java.lang.Long.numberOfTrailingZeros(J)I @ 3
Event: 455.594 Thread 0x0000000019b9d800 Uncommon trap: reason=unstable_if action=reinterpret pc=0x0000000005629738 method=com.android.dx.rop.code.DexTranslationAdvice.hasConstantOperation(Lcom/android/dx/rop/code/Rop;Lcom/android/dx/rop/code/RegisterSpec;Lcom/android/dx/rop/code/RegisterSpec;)Z פv”÷‘Z|@

Internal exceptions (10 events):
Event: 426.573 Thread 0x0000000019b96000 Implicit null exception at 0x000000000482b07a to 0x000000000482ccdd
Event: 427.870 Thread 0x0000000019b96000 Implicit null exception at 0x0000000002e25d3b to 0x0000000002e26385
Event: 431.319 Thread 0x0000000019b96000 Implicit null exception at 0x0000000003b72b63 to 0x0000000003b71365
Event: 431.319 Thread 0x0000000019b96000 Implicit null exception at 0x0000000003b72b63 to 0x0000000003b71365
Event: 431.334 Thread 0x0000000019b96000 Implicit null exception at 0x0000000003b72b63 to 0x0000000003b71365
Event: 438.115 Thread 0x0000000019b96000 Exception <a 'java/lang/NoSuchMethodError': <clinit>> (0x00000000ea5a9618) thrown at [C:\src\android\AOSP-openjdk\external\jetbrains\jdk\hotspot\src\share\vm\prims\jni.cpp, line 1591]
Event: 438.882 Thread 0x0000000019b96000 Exception <a 'java/io/FileNotFoundException'> (0x00000000e549b700) thrown at [C:\src\android\AOSP-openjdk\external\jetbrains\jdk\hotspot\src\share\vm\prims\jni.cpp, line 709]
Event: 444.026 Thread 0x000000001b4fe800 Implicit null exception at 0x000000000520377e to 0x00000000052045e1
Event: 444.026 Thread 0x000000001b4fe800 Implicit null exception at 0x0000000005200625 to 0x000000000520116d
Event: 454.009 Thread 0x000000001b504800 Implicit null exception at 0x0000000004adac94 to 0x0000000004adb81d

Events (10 events):
Event: 457.268 Thread 0x000000001b507800 DEOPT PACKING pc=0x000000000534db30 sp=0x000000002526eba0
Event: 457.268 Thread 0x000000001b507800 DEOPT UNPACKING pc=0x0000000002c475bf sp=0x000000002526e9b0 mode 0
Event: 457.315 Thread 0x0000000019b94800 DEOPT PACKING pc=0x00000000032c85cc sp=0x000000002546ea10
Event: 457.315 Thread 0x0000000019b94800 DEOPT UNPACKING pc=0x0000000002c475bf sp=0x000000002546e6f0 mode 0
Event: 457.327 Thread 0x000000001b507800 DEOPT PACKING pc=0x00000000053f334e sp=0x000000002526ea80
Event: 457.327 Thread 0x000000001b507800 DEOPT UNPACKING pc=0x0000000002c475bf sp=0x000000002526e8c0 mode 0
Event: 457.338 Thread 0x0000000019b9d000 DEOPT PACKING pc=0x000000000534db30 sp=0x000000002581ec20
Event: 457.338 Thread 0x0000000019b9d000 DEOPT UNPACKING pc=0x0000000002c475bf sp=0x000000002581ea30 mode 0
Event: 457.346 Thread 0x00000000165bd000 flushing nmethod 0x00000000052a1ad0
Event: 457.356 Executing VM operation: ParallelGCFailedAllocation


Dynamic libraries:
0x00007ff739d70000 - 0x00007ff739da1000 	C:\Program Files\Android\Android Studio\jre\bin\java.exe
0x00007ffb66860000 - 0x00007ffb66a0d000 	C:\Windows\SYSTEM32\ntdll.dll
0x00007ffb65f30000 - 0x00007ffb6606e000 	C:\Windows\system32\KERNEL32.DLL
0x00007ffb62150000 - 0x00007ffb621a4000 	C:\Program Files (x86)\AVG\Av\avghooka.dll
0x00007ffb63cc0000 - 0x00007ffb63dd5000 	C:\Windows\system32\KERNELBASE.dll
0x00007ffb65ca0000 - 0x00007ffb65d4a000 	C:\Windows\system32\ADVAPI32.dll
0x00007ffb664f0000 - 0x00007ffb66667000 	C:\Windows\system32\USER32.dll
0x00007ffb615e0000 - 0x00007ffb6185b000 	C:\Windows\WinSxS\amd64_microsoft.windows.common-controls_6595b64144ccf1df_6.0.9600.18006_none_623f33d3ecbe86e8\COMCTL32.dll
0x00007ffb66670000 - 0x00007ffb6671a000 	C:\Windows\system32\msvcrt.dll
0x00007ffb65900000 - 0x00007ffb65959000 	C:\Windows\SYSTEM32\sechost.dll
0x00007ffb65d50000 - 0x00007ffb65e90000 	C:\Windows\system32\RPCRT4.dll
0x00007ffb65b40000 - 0x00007ffb65c8f000 	C:\Windows\system32\GDI32.dll
0x00007ffb63c90000 - 0x00007ffb63cbe000 	C:\Windows\system32\SspiCli.dll
0x00007ffb655e0000 - 0x00007ffb65616000 	C:\Windows\system32\IMM32.DLL
0x00007ffb65480000 - 0x00007ffb655d2000 	C:\Windows\system32\MSCTF.dll
0x0000000068840000 - 0x0000000068912000 	C:\Program Files\Android\Android Studio\jre\jre\bin\msvcr100.dll
0x00000000674d0000 - 0x0000000067d04000 	C:\Program Files\Android\Android Studio\jre\jre\bin\server\jvm.dll
0x00007ffb52ee0000 - 0x00007ffb52ee9000 	C:\Windows\SYSTEM32\WSOCK32.dll
0x00007ffb5f5d0000 - 0x00007ffb5f5f2000 	C:\Windows\SYSTEM32\WINMM.dll
0x00007ffb5f600000 - 0x00007ffb5f60a000 	C:\Windows\SYSTEM32\VERSION.dll
0x00007ffb66780000 - 0x00007ffb66787000 	C:\Windows\system32\PSAPI.DLL
0x00007ffb66490000 - 0x00007ffb664ea000 	C:\Windows\system32\WS2_32.dll
0x00007ffb5f520000 - 0x00007ffb5f54a000 	C:\Windows\SYSTEM32\WINMMBASE.dll
0x00007ffb65e90000 - 0x00007ffb65e99000 	C:\Windows\system32\NSI.dll
0x00007ffb63de0000 - 0x00007ffb63e2f000 	C:\Windows\SYSTEM32\cfgmgr32.dll
0x00007ffb627a0000 - 0x00007ffb627c8000 	C:\Windows\SYSTEM32\DEVOBJ.dll
0x00007ffb61920000 - 0x00007ffb6192f000 	C:\Program Files\Android\Android Studio\jre\jre\bin\verify.dll
0x00007ffb3acb0000 - 0x00007ffb3acd9000 	C:\Program Files\Android\Android Studio\jre\jre\bin\java.dll
0x00007ffb3ad10000 - 0x00007ffb3ad26000 	C:\Program Files\Android\Android Studio\jre\jre\bin\zip.dll
0x00007ffb63f50000 - 0x00007ffb65478000 	C:\Windows\system32\SHELL32.dll
0x00007ffb65620000 - 0x00007ffb65831000 	C:\Windows\SYSTEM32\combase.dll
0x00007ffb66720000 - 0x00007ffb66774000 	C:\Windows\system32\SHLWAPI.dll
0x00007ffb62470000 - 0x00007ffb62522000 	C:\Windows\SYSTEM32\SHCORE.dll
0x00007ffb63980000 - 0x00007ffb63995000 	C:\Windows\SYSTEM32\profapi.dll
0x00007ffb3aae0000 - 0x00007ffb3aafa000 	C:\Program Files\Android\Android Studio\jre\jre\bin\net.dll
0x00007ffb63200000 - 0x00007ffb63259000 	C:\Windows\system32\mswsock.dll
0x00007ffb3aac0000 - 0x00007ffb3aad1000 	C:\Program Files\Android\Android Studio\jre\jre\bin\nio.dll
0x00007ffb38eb0000 - 0x00007ffb38ec2000 	C:\Users\אילון\.gradle\native\19\windows-amd64\native-platform.dll
0x00007ffb633e0000 - 0x00007ffb63400000 	C:\Windows\SYSTEM32\CRYPTSP.dll
0x00007ffb62e90000 - 0x00007ffb62ec6000 	C:\Windows\system32\rsaenh.dll
0x00007ffb634d0000 - 0x00007ffb634f6000 	C:\Windows\SYSTEM32\bcrypt.dll
0x00007ffb62f30000 - 0x00007ffb62f51000 	C:\Windows\SYSTEM32\USERENV.dll
0x00007ffb637e0000 - 0x00007ffb63843000 	C:\Windows\system32\bcryptprimitives.dll
0x00007ffb63850000 - 0x00007ffb6385b000 	C:\Windows\SYSTEM32\CRYPTBASE.dll
0x00007ffb5d300000 - 0x00007ffb5d32a000 	C:\Windows\SYSTEM32\IPHLPAPI.DLL
0x00007ffb5d2e0000 - 0x00007ffb5d2ea000 	C:\Windows\SYSTEM32\WINNSI.DLL
0x00007ffb5cf90000 - 0x00007ffb5cfa6000 	C:\Windows\SYSTEM32\dhcpcsvc6.DLL
0x00007ffb5cf70000 - 0x00007ffb5cf8a000 	C:\Windows\SYSTEM32\dhcpcsvc.DLL
0x00007ffb5e230000 - 0x00007ffb5e23d000 	C:\Program Files\Android\Android Studio\jre\jre\bin\management.dll
0x00007ffb53a80000 - 0x00007ffb53c09000 	C:\Windows\SYSTEM32\dbghelp.dll

VM Arguments:
jvm_args: -Xmx1536m -Dfile.encoding=windows-1255 -Duser.country=IL -Duser.language=iw -Duser.variant 
java_command: org.gradle.launcher.daemon.bootstrap.GradleDaemon 2.14.1
java_class_path (initial): C:\Program Files\Android\Android Studio\gradle\gradle-2.14.1\lib\gradle-launcher-2.14.1.jar
Launcher Type: SUN_STANDARD

Environment Variables:
JAVA_HOME=C:\Program Files\Java\jdk1.8.0_91
PATH=C:\ProgramData\Oracle\Java\javapath;C:\Program Files (x86)\Lenovo\FusionEngine;C:\Program Files (x86)\NVIDIA Corporation\PhysX\Common;C:\Program Files (x86)\Intel\iCLS Client\;C:\Program Files\Intel\iCLS Client\;C:\Windows\system32;C:\Windows;C:\Windows\System32\Wbem;C:\Windows\System32\WindowsPowerShell\v1.0\;C:\Program Files\Intel\Intel(R) Management Engine Components\DAL;C:\Program Files\Intel\Intel(R) Management Engine Components\IPT;C:\Program Files (x86)\Intel\Intel(R) Management Engine Components\DAL;C:\Program Files (x86)\Intel\Intel(R) Management Engine Components\IPT;C:\Program Files\Intel\WiFi\bin\;C:\Program Files\Common Files\Intel\WirelessCommon\;C:\Program Files (x86)\Common Files\lenovo\easyplussdk\bin;C:\Program Files\Microsoft SQL Server\120\Client SDK\ODBC\110\Tools\Binn\;C:\Program Files (x86)\Microsoft SQL Server\120\Tools\Binn\ManagementStudio\;C:\Program Files (x86)\Microsoft SQL Server\120\Tools\Binn\;C:\Program Files\Microsoft SQL Server\120\120\Tools\Binn\;C:\Program Files (x86)\Microsoft SQL Server\120\DTS\Binn\;C:\Program Files\Microsoft SQL Server\120\120\DTS\Binn\;c:\Program Files\Microsoft SQL Server\120\110\Tools\Binn\;c:\Program Files (x86)\Microsoft SQL Server\110\Tools\Binn\;c:\Program Files\Microsoft SQL Server\120\110\DTS\Binn\;c:\Program Files (x86)\Microsoft SQL Server\110\Tools\Binn\ManagementStudio\;c:\Program Files (x86)\Microsoft SQL Server\110\DTS\Binn\;C:\Program Files (x86)\Skype\Phone\;C:\Program Files\Java\jdk1.8.0_91\bin;C:\Windows\system32\config\systemprofile\.dnx\bin;C:\Program Files\Microsoft DNX\Dnvm\;C:\Program Files\Microsoft SQL Server\120\130\Tools\Binn\;C:\Program Files (x86)\Windows Kits\8.1\Windows Performance Toolkit\;C:\Program Files\Git\cmd;c:\Program Files (x86)\Microsoft SQL Server\100\Tools\Binn\;c:\Program Files\Microsoft SQL Server\100\Tools\Binn\;c:\Program Files\Microsoft SQL Server\100\DTS\Binn\;C:\Users\אילון\AppData\Local\Programs\Python\Python35
USERNAME=אילון
OS=Windows_NT
PROCESSOR_IDENTIFIER=Intel64 Family 6 Model 69 Stepping 1, GenuineIntel



---------------  S Y S T E M  ---------------

OS: Windows 8.1 , 64 bit Build 9600 (6.3.9600.17415)

CPU:total 4 (2 cores per cpu, 2 threads per core) family 6 model 69 stepping 1, cmov, cx8, fxsr, mmx, sse, sse2, sse3, ssse3, sse4.1, sse4.2, popcnt, avx, avx2, aes, clmul, erms, lzcnt, ht, tsc, tscinvbit, bmi1, bmi2

Memory: 4k page, physical 8294408k(469172k free), swap 16683016k(7640964k free)

vm_info: OpenJDK 64-Bit Server VM (25.76-b03) for windows-amd64 JRE (1.8.0_76-release-b03), built on Jun 29 2016 19:09:20 by "ralucas" with MS VC++ 10.0 (VS2010)

time: Wed Nov 30 13:29:51 2016
elapsed time: 459 seconds (0d 0h 7m 39s)

